SF:lib/widgets/interaction/commandPalette/command_palette_item.dart
DA:13,1
DA:22,0
DA:23,0
DA:24,0
DA:28,0
DA:29,0
DA:30,0
DA:35,0
DA:36,0
DA:37,0
LF:10
LH:1
end_of_record
SF:lib/widgets/interaction/commandPalette/command_palette_options.dart
DA:7,1
DA:8,1
DA:11,1
DA:12,1
DA:15,0
DA:16,0
DA:17,0
DA:18,0
LF:8
LH:4
end_of_record
SF:lib/widgets/interaction/commandPalette/command_palette_search_input.dart
DA:4,0
DA:5,0
DA:9,0
DA:10,0
DA:12,0
DA:16,0
DA:18,0
DA:20,0
DA:21,0
DA:23,0
DA:24,0
DA:25,0
DA:27,0
DA:29,0
DA:30,0
LF:15
LH:0
end_of_record
SF:lib/state/providers/theme/theme_provider.dart
DA:4,0
LF:1
LH:0
end_of_record
SF:lib/static/styles/shad/shad_themes.dart
DA:4,0
DA:44,0
DA:65,0
DA:66,0
DA:67,0
DA:68,0
DA:69,0
DA:70,0
DA:71,0
DA:72,0
DA:73,0
DA:74,0
DA:75,0
DA:76,0
DA:77,0
DA:79,0
DA:80,0
DA:81,0
DA:82,0
DA:83,0
DA:84,0
DA:88,0
DA:93,0
DA:96,0
DA:97,0
DA:99,0
DA:100,0
DA:102,0
DA:103,0
DA:105,0
DA:106,0
DA:108,0
DA:110,0
DA:112,0
DA:113,0
DA:114,0
DA:116,0
DA:118,0
DA:119,0
DA:120,0
DA:121,0
LF:41
LH:0
end_of_record
